#
# A fatal error has been detected by the Java Runtime Environment:
#
#  EXCEPTION_ACCESS_VIOLATION (0xc0000005) at pc=0x00007ffa3f2603cb, pid=14124, tid=9284
#
# JRE version: Java(TM) SE Runtime Environment (12.0.1+12) (build 12.0.1+12)
# Java VM: Java HotSpot(TM) 64-Bit Server VM (12.0.1+12, mixed mode, sharing, tiered, compressed oops, g1 gc, windows-amd64)
# Problematic frame:
# V  [jvm.dll+0x6c03cb]
#
# No core dump will be written. Minidumps are not enabled by default on client versions of Windows
#
# If you would like to submit a bug report, please visit:
#   http://bugreport.java.com/bugreport/crash.jsp
#

---------------  S U M M A R Y ------------

Command Line: -agentlib:jdwp=transport=dt_socket,suspend=y,address=localhost:62914 -ea -javaagent:E:\Programas\sts-4.3.2.RELEASE\configuration\org.eclipse.osgi\244\0\.cp\lib\javaagent-shaded.jar -Dfile.encoding=UTF-8 org.eclipse.jdt.internal.junit.runner.RemoteTestRunner -version 3 -port 62913 -testLoaderClass org.eclipse.jdt.internal.junit4.runner.JUnit4TestLoader -loaderpluginname org.eclipse.jdt.junit4.runtime -classNames com.masv.test.NodeTests

Host: Intel(R) Core(TM) i7-4790 CPU @ 3.60GHz, 8 cores, 7G,  Windows 10 , 64 bit Build 18362 (10.0.18362.329)
Time: Mon Sep 23 14:55:18 2019 Hora est. Pacífico, Sudamérica elapsed time: 2103 seconds (0d 0h 35m 3s)

---------------  T H R E A D  ---------------

Current thread (0x0000021356133800):  GCTaskThread "GC Thread#2" [stack: 0x000000552ed00000,0x000000552ee00000] [id=9284]

Stack: [0x000000552ed00000,0x000000552ee00000],  sp=0x000000552edfd880,  free space=1014k
Native frames: (J=compiled Java code, j=interpreted, Vv=VM code, C=native code)
V  [jvm.dll+0x6c03cb]
V  [jvm.dll+0x34d3d3]
V  [jvm.dll+0x34f341]
V  [jvm.dll+0x34fb6e]
V  [jvm.dll+0x34d07c]
V  [jvm.dll+0x34c2b2]
V  [jvm.dll+0x628425]
V  [jvm.dll+0x628d10]
V  [jvm.dll+0x5ef769]
V  [jvm.dll+0x2e5ee5]
V  [jvm.dll+0x2e5969]
V  [jvm.dll+0x74d407]
V  [jvm.dll+0x74d860]
V  [jvm.dll+0x332ee8]
V  [jvm.dll+0x332a38]
V  [jvm.dll+0x2fc8d0]
V  [jvm.dll+0x7bb2b0]
V  [jvm.dll+0x748648]
V  [jvm.dll+0x638566]
C  [ucrtbase.dll+0x1d9f2]
C  [KERNEL32.DLL+0x17bd4]
C  [ntdll.dll+0x6cee1]

JavaThread 0x0000021334028000 (nid = 13672) was being processed
Java frames: (J=compiled Java code, j=interpreted, Vv=VM code)
j  com.masv.test.NodeTests.getCommonAncestor()V+55
v  ~StubRoutines::call_stub
J 3099  jdk.internal.reflect.NativeMethodAccessorImpl.invoke0(Ljava/lang/reflect/Method;Ljava/lang/Object;[Ljava/lang/Object;)Ljava/lang/Object; java.base@12.0.1 (0 bytes) @ 0x000002134585886f [0x00000213458587e0+0x000000000000008f]
J 3098 c1 jdk.internal.reflect.NativeMethodAccessorImpl.invoke(Ljava/lang/Object;[Ljava/lang/Object;)Ljava/lang/Object; java.base@12.0.1 (104 bytes) @ 0x000002133e914394 [0x000002133e913f40+0x0000000000000454]
J 3105 c2 java.lang.reflect.Method.invoke(Ljava/lang/Object;[Ljava/lang/Object;)Ljava/lang/Object; java.base@12.0.1 (65 bytes) @ 0x00000213458b75d4 [0x00000213458b7440+0x0000000000000194]
j  org.junit.runners.model.FrameworkMethod$1.runReflectiveCall()Ljava/lang/Object;+15
j  org.junit.internal.runners.model.ReflectiveCallable.run()Ljava/lang/Object;+1
j  org.junit.runners.model.FrameworkMethod.invokeExplosively(Ljava/lang/Object;[Ljava/lang/Object;)Ljava/lang/Object;+10
j  org.junit.internal.runners.statements.InvokeMethod.evaluate()V+12
j  org.springframework.test.context.junit4.statements.RunBeforeTestExecutionCallbacks.evaluate()V+19
j  org.springframework.test.context.junit4.statements.RunAfterTestExecutionCallbacks.evaluate()V+14
j  org.junit.internal.runners.statements.RunBefores.evaluate()V+49
j  org.springframework.test.context.junit4.statements.RunBeforeTestMethodCallbacks.evaluate()V+19
j  org.springframework.test.context.junit4.statements.RunAfterTestMethodCallbacks.evaluate()V+14
j  org.springframework.test.context.junit4.statements.SpringRepeat.evaluate()V+82
j  org.junit.runners.ParentRunner.runLeaf(Lorg/junit/runners/model/Statement;Lorg/junit/runner/Description;Lorg/junit/runner/notification/RunNotifier;)V+17
j  org.springframework.test.context.junit4.SpringJUnit4ClassRunner.runChild(Lorg/junit/runners/model/FrameworkMethod;Lorg/junit/runner/notification/RunNotifier;)V+50
j  org.springframework.test.context.junit4.SpringJUnit4ClassRunner.runChild(Ljava/lang/Object;Lorg/junit/runner/notification/RunNotifier;)V+6
j  org.junit.runners.ParentRunner$3.run()V+12
j  org.junit.runners.ParentRunner$1.schedule(Ljava/lang/Runnable;)V+1
j  org.junit.runners.ParentRunner.runChildren(Lorg/junit/runner/notification/RunNotifier;)V+44
j  org.junit.runners.ParentRunner.access$000(Lorg/junit/runners/ParentRunner;Lorg/junit/runner/notification/RunNotifier;)V+2
j  org.junit.runners.ParentRunner$2.evaluate()V+8
j  org.springframework.test.context.junit4.statements.RunBeforeTestClassCallbacks.evaluate()V+11
j  org.springframework.test.context.junit4.statements.RunAfterTestClassCallbacks.evaluate()V+12
j  org.junit.runners.ParentRunner.run(Lorg/junit/runner/notification/RunNotifier;)V+20
j  org.springframework.test.context.junit4.SpringJUnit4ClassRunner.run(Lorg/junit/runner/notification/RunNotifier;)V+24
j  org.eclipse.jdt.internal.junit4.runner.JUnit4TestReference.run(Lorg/eclipse/jdt/internal/junit/runner/TestExecution;)V+72
j  org.eclipse.jdt.internal.junit.runner.TestExecution.run([Lorg/eclipse/jdt/internal/junit/runner/ITestReference;)V+17
j  org.eclipse.jdt.internal.junit.runner.RemoteTestRunner.runTests([Ljava/lang/String;Ljava/lang/String;Lorg/eclipse/jdt/internal/junit/runner/TestExecution;)V+62
j  org.eclipse.jdt.internal.junit.runner.RemoteTestRunner.runTests(Lorg/eclipse/jdt/internal/junit/runner/TestExecution;)V+10
j  org.eclipse.jdt.internal.junit.runner.RemoteTestRunner.run()V+70
j  org.eclipse.jdt.internal.junit.runner.RemoteTestRunner.main([Ljava/lang/String;)V+14
v  ~StubRoutines::call_stub

siginfo: EXCEPTION_ACCESS_VIOLATION (0xc0000005), reading address 0x0000000000000006


Register to memory mapping:

RIP=0x00007ffa3f2603cb jvm.dll
RAX=0x000000552edfd910 points into unknown readable memory: 2e 00 00 46 00 00 00 00
RBX=0x000000552edfd8e0 points into unknown readable memory: 70 e1 43 3f fa 7f 00 00
RCX=0x0 is NULL
RDX=0x0 is NULL
RSP=0x000000552edfd880 points into unknown readable memory: e0 d8 df 2e 55 00 00 00
RBP=0x000000552edfddf0 points into unknown readable memory: 58 ab 89 55 13 02 00 00
RSI=0x0 is NULL
RDI=0x0 is NULL
R8 =0x0 is NULL
R9 =0x0000021355106420 is pointing into metadata
R10=0x00007ffa3eba0000 jvm.dll
R11=0x000000552edfdd40 points into unknown readable memory: c0 dd df 2e 55 00 00 00
R12=0x000002135589a840 points into unknown readable memory: 00 8f e2 56 00 00 00 00
R13=0x0 is NULL
R14=0x0000021355107259 is pointing into metadata
R15=0x000000000000008d is an unknown value


Registers:
RAX=0x000000552edfd910, RBX=0x000000552edfd8e0, RCX=0x0000000000000000, RDX=0x0000000000000000
RSP=0x000000552edfd880, RBP=0x000000552edfddf0, RSI=0x0000000000000000, RDI=0x0000000000000000
R8 =0x0000000000000000, R9 =0x0000021355106420, R10=0x00007ffa3eba0000, R11=0x000000552edfdd40
R12=0x000002135589a840, R13=0x0000000000000000, R14=0x0000021355107259, R15=0x000000000000008d
RIP=0x00007ffa3f2603cb, EFLAGS=0x0000000000010246

Top of Stack: (sp=0x000000552edfd880)
0x000000552edfd880:   000000552edfd8e0 00007ffa50fc6653
0x000000552edfd890:   0000021333efe650 00000000000007ff
0x000000552edfd8a0:   0000000000000000 00007ffa3eeed3d3
0x000000552edfd8b0:   0000000000000000 000000552edfdf60
0x000000552edfd8c0:   000002135028c000 00007ffa3f1d69a8
0x000000552edfd8d0:   0000021333ef0000 0000005591000796
0x000000552edfd8e0:   00007ffa3f43e170 0000000000000000
0x000000552edfd8f0:   0000000000000000 00007ffa0000000c
0x000000552edfd900:   000000552edfd910 0000000000000000
0x000000552edfd910:   000000004600002e 0000000000000000
0x000000552edfd920:   4fffffff4fffffff 4fffffff4fffffff
0x000000552edfd930:   4fffffff4fffffff 00007ffa4fffffff
0x000000552edfd940:   0000021333ef02e8 0000021333efe650
0x000000552edfd950:   0000021334069920 00007ffaea00ce24
0x000000552edfd960:   000002135af319a0 00007ffa3f260903
0x000000552edfd970:   0000000000007ff0 00007ffa50fbd762 

Instructions: (pc=0x00007ffa3f2603cb)
0x00007ffa3f2603ab:   cc cc cc cc cc 40 53 48 83 ec 20 c7 41 10 00 00
0x00007ffa3f2603bb:   00 00 48 8b d9 48 89 7c 24 38 48 8b 79 08 33 c9
0x00007ffa3f2603cb:   80 7f 06 28 74 26 44 8d 49 28 8d 51 35 48 8d 0d
0x00007ffa3f2603db:   01 bf 22 00 4c 8d 05 ea be 22 00 e8 65 1a ba ff 


Stack slot to memory mapping:
stack at sp + 0 slots: 0x000000552edfd8e0 points into unknown readable memory: 70 e1 43 3f fa 7f 00 00
stack at sp + 1 slots: 0x00007ffa50fc6653 ntdll.dll
stack at sp + 2 slots: 0x0000021333efe650 points into unknown readable memory: 00 00 00 00 00 00 00 00
stack at sp + 3 slots: 0x00000000000007ff is an unknown value
stack at sp + 4 slots: 0x0 is NULL
stack at sp + 5 slots: 0x00007ffa3eeed3d3 jvm.dll
stack at sp + 6 slots: 0x0 is NULL
stack at sp + 7 slots: 0x000000552edfdf60 points into unknown readable memory: 58 b4 47 3f fa 7f 00 00


---------------  P R O C E S S  ---------------

Threads class SMR info:
_java_thread_list=0x000002135d9f9f00, length=18, elements={
0x0000021334028000, 0x0000021354c53800, 0x0000021354c54800, 0x0000021354c71000,
0x0000021354c72000, 0x0000021354c74800, 0x0000021354c7a800, 0x0000021354c84000,
0x0000021354c3b000, 0x00000213557cf800, 0x0000021355786000, 0x0000021355860000,
0x0000021355fc4800, 0x0000021356040800, 0x000002135860e800, 0x000002135814a800,
0x000002135725d800, 0x0000021357349800
}

Java Threads: ( => current thread )
  0x0000021334028000 JavaThread "main" [_thread_blocked, id=13672, stack(0x000000552d600000,0x000000552d700000)]
  0x0000021354c53800 JavaThread "Reference Handler" daemon [_thread_blocked, id=760, stack(0x000000552dd00000,0x000000552de00000)]
  0x0000021354c54800 JavaThread "Finalizer" daemon [_thread_blocked, id=10768, stack(0x000000552de00000,0x000000552df00000)]
  0x0000021354c71000 JavaThread "Signal Dispatcher" daemon [_thread_blocked, id=6716, stack(0x000000552df00000,0x000000552e000000)]
  0x0000021354c72000 JavaThread "Attach Listener" daemon [_thread_blocked, id=7356, stack(0x000000552e000000,0x000000552e100000)]
  0x0000021354c74800 JavaThread "C2 CompilerThread0" daemon [_thread_blocked, id=6452, stack(0x000000552e100000,0x000000552e200000)]
  0x0000021354c7a800 JavaThread "C1 CompilerThread0" daemon [_thread_blocked, id=13012, stack(0x000000552e200000,0x000000552e300000)]
  0x0000021354c84000 JavaThread "Sweeper thread" daemon [_thread_blocked, id=8864, stack(0x000000552e300000,0x000000552e400000)]
  0x0000021354c3b000 JavaThread "Common-Cleaner" daemon [_thread_blocked, id=21252, stack(0x000000552e400000,0x000000552e500000)]
  0x00000213557cf800 JavaThread "JDWP Transport Listener: dt_socket" daemon [_thread_blocked, id=4896, stack(0x000000552e600000,0x000000552e700000)]
  0x0000021355786000 JavaThread "JDWP Event Helper Thread" daemon [_thread_blocked, id=15424, stack(0x000000552e700000,0x000000552e800000)]
  0x0000021355860000 JavaThread "JDWP Command Reader" daemon [_thread_in_native, id=20820, stack(0x000000552e800000,0x000000552e900000)]
  0x0000021355fc4800 JavaThread "Service Thread" daemon [_thread_blocked, id=17236, stack(0x000000552e900000,0x000000552ea00000)]
  0x0000021356040800 JavaThread "ReaderThread" [_thread_in_native, id=21168, stack(0x000000552eb00000,0x000000552ec00000)]
  0x000002135860e800 JavaThread "RMI TCP Accept-0" daemon [_thread_in_native, id=7544, stack(0x000000552f000000,0x000000552f100000)]
  0x000002135814a800 JavaThread "RMI TCP Connection(36)-10.0.75.1" daemon [_thread_blocked, id=20900, stack(0x000000552f100000,0x000000552f200000)]
  0x000002135725d800 JavaThread "RMI Scheduler(0)" daemon [_thread_blocked, id=15124, stack(0x000000552f200000,0x000000552f300000)]
  0x0000021357349800 JavaThread "JMX server connection timeout 21" daemon [_thread_blocked, id=16476, stack(0x000000552f300000,0x000000552f400000)]

Other Threads:
  0x0000021354c52800 VMThread "VM Thread" [stack: 0x000000552dc00000,0x000000552dd00000] [id=17600]
  0x0000021355f73000 WatcherThread [stack: 0x000000552ea00000,0x000000552eb00000] [id=15748]
  0x0000021334066800 GCTaskThread "GC Thread#0" [stack: 0x000000552d700000,0x000000552d800000] [id=13024]
  0x0000021356296000 GCTaskThread "GC Thread#1" [stack: 0x000000552ec00000,0x000000552ed00000] [id=19632]
=>0x0000021356133800 GCTaskThread "GC Thread#2" [stack: 0x000000552ed00000,0x000000552ee00000] [id=9284]
  0x00000213567c4800 GCTaskThread "GC Thread#3" [stack: 0x000000552ee00000,0x000000552ef00000] [id=21072]
  0x000002135a517000 GCTaskThread "GC Thread#4" [stack: 0x000000552f500000,0x000000552f600000] [id=6620]
  0x000002135a517800 GCTaskThread "GC Thread#5" [stack: 0x000000552f600000,0x000000552f700000] [id=12312]
  0x0000021334077000 ConcurrentGCThread "G1 Main Marker" [stack: 0x000000552d800000,0x000000552d900000] [id=14268]
  0x0000021334079000 ConcurrentGCThread "G1 Conc#0" [stack: 0x000000552d900000,0x000000552da00000] [id=18504]
  0x000002135921e800 ConcurrentGCThread "G1 Conc#1" [stack: 0x000000552f700000,0x000000552f800000] [id=6524]
  0x0000021354aca800 ConcurrentGCThread "G1 Refine#0" [stack: 0x000000552da00000,0x000000552db00000] [id=16960]
  0x0000021354acb800 ConcurrentGCThread "G1 Young RemSet Sampling" [stack: 0x000000552db00000,0x000000552dc00000] [id=15796]

Threads with active compile tasks:

VM state:at safepoint (normal execution)

VM Mutex/Monitor currently owned by a thread:  ([mutex/lock_event])
[0x0000021334024990] Threads_lock - owner thread: 0x0000021354c52800
[0x0000021334025170] Heap_lock - owner thread: 0x000002135814a800

Heap address: 0x0000000081800000, size: 2024 MB, Compressed Oops mode: 32-bit
Narrow klass base: 0x0000000800000000, Narrow klass shift: 3
Compressed class space size: 1073741824 Address: 0x00000008011a0000

Heap:
 garbage-first heap   total 72704K, used 51926K [0x0000000081800000, 0x0000000100000000)
  region size 1024K, 40 young (40960K), 3 survivors (3072K)
 Metaspace       used 34293K, capacity 35162K, committed 35328K, reserved 1079296K
  class space    used 4449K, capacity 4784K, committed 4864K, reserved 1048576K
Heap Regions: E=young(eden), S=young(survivor), O=old, HS=humongous(starts), HC=humongous(continues), CS=collection set, F=free, A=archive, TAMS=top-at-mark-start (previous, next)
|   0|0x0000000081800000, 0x0000000081900000, 0x0000000081900000|100%|HS|  |TAMS 0x0000000081900000, 0x0000000081800000| Complete 
|   1|0x0000000081900000, 0x0000000081a00000, 0x0000000081a00000|100%| O|  |TAMS 0x0000000081a00000, 0x0000000081900000| Untracked 
|   2|0x0000000081a00000, 0x0000000081b00000, 0x0000000081b00000|100%| O|  |TAMS 0x0000000081b00000, 0x0000000081a00000| Untracked 
|   3|0x0000000081b00000, 0x0000000081c00000, 0x0000000081c00000|100%| O|  |TAMS 0x0000000081c00000, 0x0000000081b00000| Untracked 
|   4|0x0000000081c00000, 0x0000000081d00000, 0x0000000081d00000|100%| O|  |TAMS 0x0000000081d00000, 0x0000000081c00000| Untracked 
|   5|0x0000000081d00000, 0x0000000081e00000, 0x0000000081e00000|100%| O|  |TAMS 0x0000000081e00000, 0x0000000081d00000| Untracked 
|   6|0x0000000081e00000, 0x0000000081e97400, 0x0000000081f00000| 59%| O|  |TAMS 0x0000000081e97400, 0x0000000081e00000| Untracked 
|   7|0x0000000081f00000, 0x0000000082000000, 0x0000000082000000|100%| O|  |TAMS 0x0000000081f00000, 0x0000000081f00000| Untracked 
|   8|0x0000000082000000, 0x0000000082100000, 0x0000000082100000|100%| O|  |TAMS 0x0000000082000000, 0x0000000082000000| Untracked 
|   9|0x0000000082100000, 0x0000000082200000, 0x0000000082200000|100%| O|  |TAMS 0x0000000082100000, 0x0000000082100000| Untracked 
|  10|0x0000000082200000, 0x0000000082300000, 0x0000000082300000|100%| O|  |TAMS 0x0000000082200000, 0x0000000082200000| Untracked 
|  11|0x0000000082300000, 0x00000000823a3478, 0x0000000082400000| 63%| O|  |TAMS 0x0000000082300000, 0x0000000082300000| Untracked 
|  12|0x0000000082400000, 0x0000000082400000, 0x0000000082500000|  0%| F|  |TAMS 0x0000000082400000, 0x0000000082400000| Untracked 
|  13|0x0000000082500000, 0x0000000082500000, 0x0000000082600000|  0%| F|  |TAMS 0x0000000082500000, 0x0000000082500000| Untracked 
|  14|0x0000000082600000, 0x0000000082600000, 0x0000000082700000|  0%| F|  |TAMS 0x0000000082600000, 0x0000000082600000| Untracked 
|  15|0x0000000082700000, 0x0000000082700000, 0x0000000082800000|  0%| F|  |TAMS 0x0000000082700000, 0x0000000082700000| Untracked 
|  16|0x0000000082800000, 0x0000000082800000, 0x0000000082900000|  0%| F|  |TAMS 0x0000000082800000, 0x0000000082800000| Untracked 
|  17|0x0000000082900000, 0x0000000082900000, 0x0000000082a00000|  0%| F|  |TAMS 0x0000000082900000, 0x0000000082900000| Untracked 
|  18|0x0000000082a00000, 0x0000000082a00000, 0x0000000082b00000|  0%| F|  |TAMS 0x0000000082a00000, 0x0000000082a00000| Untracked 
|  19|0x0000000082b00000, 0x0000000082b00000, 0x0000000082c00000|  0%| F|  |TAMS 0x0000000082b00000, 0x0000000082b00000| Untracked 
|  20|0x0000000082c00000, 0x0000000082c00000, 0x0000000082d00000|  0%| F|  |TAMS 0x0000000082c00000, 0x0000000082c00000| Untracked 
|  21|0x0000000082d00000, 0x0000000082e00000, 0x0000000082e00000|100%| E|CS|TAMS 0x0000000082d00000, 0x0000000082d00000| Complete 
|  22|0x0000000082e00000, 0x0000000082f00000, 0x0000000082f00000|100%| E|CS|TAMS 0x0000000082e00000, 0x0000000082e00000| Complete 
|  23|0x0000000082f00000, 0x0000000082f00000, 0x0000000083000000|  0%| F|  |TAMS 0x0000000082f00000, 0x0000000082f00000| Untracked 
|  24|0x0000000083000000, 0x0000000083100000, 0x0000000083100000|100%| E|CS|TAMS 0x0000000083000000, 0x0000000083000000| Complete 
|  25|0x0000000083100000, 0x0000000083100000, 0x0000000083200000|  0%| F|  |TAMS 0x0000000083100000, 0x0000000083100000| Untracked 
|  26|0x0000000083200000, 0x0000000083200000, 0x0000000083300000|  0%| F|  |TAMS 0x0000000083200000, 0x0000000083200000| Untracked 
|  27|0x0000000083300000, 0x0000000083300000, 0x0000000083400000|  0%| F|  |TAMS 0x0000000083300000, 0x0000000083300000| Untracked 
|  28|0x0000000083400000, 0x0000000083400000, 0x0000000083500000|  0%| F|  |TAMS 0x0000000083400000, 0x0000000083400000| Untracked 
|  29|0x0000000083500000, 0x0000000083500000, 0x0000000083600000|  0%| F|  |TAMS 0x0000000083500000, 0x0000000083500000| Untracked 
|  30|0x0000000083600000, 0x0000000083600000, 0x0000000083700000|  0%| F|  |TAMS 0x0000000083600000, 0x0000000083600000| Untracked 
|  31|0x0000000083700000, 0x00000000837f8348, 0x0000000083800000| 96%| S|  |TAMS 0x0000000083700000, 0x0000000083700000| Complete 
|  32|0x0000000083800000, 0x0000000083900000, 0x0000000083900000|100%| S|  |TAMS 0x0000000083800000, 0x0000000083800000| Complete 
|  33|0x0000000083900000, 0x0000000083a00000, 0x0000000083a00000|100%| S|  |TAMS 0x0000000083900000, 0x0000000083900000| Complete 
|  34|0x0000000083a00000, 0x0000000083b00000, 0x0000000083b00000|100%| E|CS|TAMS 0x0000000083a00000, 0x0000000083a00000| Complete 
|  35|0x0000000083b00000, 0x0000000083c00000, 0x0000000083c00000|100%| E|CS|TAMS 0x0000000083b00000, 0x0000000083b00000| Complete 
|  36|0x0000000083c00000, 0x0000000083d00000, 0x0000000083d00000|100%| E|CS|TAMS 0x0000000083c00000, 0x0000000083c00000| Complete 
|  37|0x0000000083d00000, 0x0000000083e00000, 0x0000000083e00000|100%| E|CS|TAMS 0x0000000083d00000, 0x0000000083d00000| Complete 
|  38|0x0000000083e00000, 0x0000000083f00000, 0x0000000083f00000|100%| E|CS|TAMS 0x0000000083e00000, 0x0000000083e00000| Complete 
|  39|0x0000000083f00000, 0x0000000084000000, 0x0000000084000000|100%| E|CS|TAMS 0x0000000083f00000, 0x0000000083f00000| Complete 
|  40|0x0000000084000000, 0x0000000084100000, 0x0000000084100000|100%| E|CS|TAMS 0x0000000084000000, 0x0000000084000000| Complete 
|  41|0x0000000084100000, 0x0000000084200000, 0x0000000084200000|100%| E|CS|TAMS 0x0000000084100000, 0x0000000084100000| Complete 
|  42|0x0000000084200000, 0x0000000084300000, 0x0000000084300000|100%| E|CS|TAMS 0x0000000084200000, 0x0000000084200000| Complete 
|  43|0x0000000084300000, 0x0000000084400000, 0x0000000084400000|100%| E|CS|TAMS 0x0000000084300000, 0x0000000084300000| Complete 
|  44|0x0000000084400000, 0x0000000084500000, 0x0000000084500000|100%| E|CS|TAMS 0x0000000084400000, 0x0000000084400000| Complete 
|  45|0x0000000084500000, 0x0000000084600000, 0x0000000084600000|100%| E|CS|TAMS 0x0000000084500000, 0x0000000084500000| Complete 
|  46|0x0000000084600000, 0x0000000084700000, 0x0000000084700000|100%| E|CS|TAMS 0x0000000084600000, 0x0000000084600000| Complete 
|  47|0x0000000084700000, 0x0000000084800000, 0x0000000084800000|100%| E|CS|TAMS 0x0000000084700000, 0x0000000084700000| Complete 
|  48|0x0000000084800000, 0x0000000084900000, 0x0000000084900000|100%| E|CS|TAMS 0x0000000084800000, 0x0000000084800000| Complete 
|  49|0x0000000084900000, 0x0000000084a00000, 0x0000000084a00000|100%| E|CS|TAMS 0x0000000084900000, 0x0000000084900000| Complete 
|  50|0x0000000084a00000, 0x0000000084b00000, 0x0000000084b00000|100%| E|CS|TAMS 0x0000000084a00000, 0x0000000084a00000| Complete 
|  51|0x0000000084b00000, 0x0000000084c00000, 0x0000000084c00000|100%| E|CS|TAMS 0x0000000084b00000, 0x0000000084b00000| Complete 
|  52|0x0000000084c00000, 0x0000000084d00000, 0x0000000084d00000|100%| E|CS|TAMS 0x0000000084c00000, 0x0000000084c00000| Complete 
|  53|0x0000000084d00000, 0x0000000084e00000, 0x0000000084e00000|100%| E|CS|TAMS 0x0000000084d00000, 0x0000000084d00000| Complete 
|  54|0x0000000084e00000, 0x0000000084f00000, 0x0000000084f00000|100%| E|CS|TAMS 0x0000000084e00000, 0x0000000084e00000| Complete 
|  55|0x0000000084f00000, 0x0000000085000000, 0x0000000085000000|100%| E|CS|TAMS 0x0000000084f00000, 0x0000000084f00000| Complete 
|  56|0x0000000085000000, 0x0000000085100000, 0x0000000085100000|100%| E|CS|TAMS 0x0000000085000000, 0x0000000085000000| Complete 
|  57|0x0000000085100000, 0x0000000085200000, 0x0000000085200000|100%| E|CS|TAMS 0x0000000085100000, 0x0000000085100000| Complete 
|  58|0x0000000085200000, 0x0000000085300000, 0x0000000085300000|100%| E|CS|TAMS 0x0000000085200000, 0x0000000085200000| Complete 
|  59|0x0000000085300000, 0x0000000085400000, 0x0000000085400000|100%| E|CS|TAMS 0x0000000085300000, 0x0000000085300000| Complete 
|  60|0x0000000085400000, 0x0000000085500000, 0x0000000085500000|100%| E|CS|TAMS 0x0000000085400000, 0x0000000085400000| Complete 
|  61|0x0000000085500000, 0x0000000085600000, 0x0000000085600000|100%| E|CS|TAMS 0x0000000085500000, 0x0000000085500000| Complete 
|  62|0x0000000085600000, 0x0000000085700000, 0x0000000085700000|100%| E|CS|TAMS 0x0000000085600000, 0x0000000085600000| Complete 
|  63|0x0000000085700000, 0x0000000085800000, 0x0000000085800000|100%| E|CS|TAMS 0x0000000085700000, 0x0000000085700000| Complete 
|  64|0x0000000085800000, 0x0000000085900000, 0x0000000085900000|100%| E|CS|TAMS 0x0000000085800000, 0x0000000085800000| Complete 
|  96|0x0000000087800000, 0x0000000087900000, 0x0000000087900000|100%| E|CS|TAMS 0x0000000087800000, 0x0000000087800000| Complete 
|  97|0x0000000087900000, 0x0000000087a00000, 0x0000000087a00000|100%| E|CS|TAMS 0x0000000087900000, 0x0000000087900000| Complete 
|  98|0x0000000087a00000, 0x0000000087b00000, 0x0000000087b00000|100%| E|CS|TAMS 0x0000000087a00000, 0x0000000087a00000| Complete 
|  99|0x0000000087b00000, 0x0000000087c00000, 0x0000000087c00000|100%| E|CS|TAMS 0x0000000087b00000, 0x0000000087b00000| Complete 
| 100|0x0000000087c00000, 0x0000000087d00000, 0x0000000087d00000|100%| E|CS|TAMS 0x0000000087c00000, 0x0000000087c00000| Complete 
| 127|0x0000000089700000, 0x0000000089800000, 0x0000000089800000|100%| E|CS|TAMS 0x0000000089700000, 0x0000000089700000| Complete 

Card table byte_map: [0x000002134da50000,0x000002134de50000] _byte_map_base: 0x000002134d644000

Marking Bits (Prev, Next): (CMBitMap*) 0x0000021334069898, (CMBitMap*) 0x0000021334069858
 Prev Bits: [0x00000213501f0000, 0x0000021352190000)
 Next Bits: [0x000002134e250000, 0x00000213501f0000)

Polling page: 0x0000021333eb0000

Metaspace:

Usage:
  Non-class:     29.67 MB capacity,    29.14 MB ( 98%) used,   438.72 KB (  1%) free+waste,    96.19 KB ( <1%) overhead. 
      Class:      4.67 MB capacity,     4.35 MB ( 93%) used,   288.41 KB (  6%) free+waste,    45.63 KB ( <1%) overhead. 
       Both:     34.34 MB capacity,    33.49 MB ( 98%) used,   727.13 KB (  2%) free+waste,   141.81 KB ( <1%) overhead. 

Virtual space:
  Non-class space:       30.00 MB reserved,      29.75 MB (>99%) committed 
      Class space:        1.00 GB reserved,       4.75 MB ( <1%) committed 
             Both:        1.03 GB reserved,      34.50 MB (  3%) committed 

Chunk freelists:
   Non-Class:  2.75 KB
       Class:  2.00 KB
        Both:  4.75 KB

CodeHeap 'non-profiled nmethods': size=120000Kb used=2476Kb max_used=2589Kb free=117523Kb
 bounds [0x00000213456b0000, 0x0000021345940000, 0x000002134cbe0000]
CodeHeap 'profiled nmethods': size=120000Kb used=8212Kb max_used=8908Kb free=111787Kb
 bounds [0x000002133e180000, 0x000002133ea40000, 0x00000213456b0000]
CodeHeap 'non-nmethods': size=5760Kb used=1285Kb max_used=1402Kb free=4474Kb
 bounds [0x000002133dbe0000, 0x000002133de50000, 0x000002133e180000]
 total_blobs=4889 nmethods=3368 adapters=454
 compilation: enabled
              stopped_count=0, restarted_count=0
 full_count=0

Compilation events (10 events):
Event: 1744.241 Thread 0x0000021354c7a800 3667       3       java.lang.Thread::interrupted (8 bytes)
Event: 1744.242 Thread 0x0000021354c7a800 nmethod 3667 0x000002133e195b90 code [0x000002133e195d60, 0x000002133e195ef0]
Event: 1744.242 Thread 0x0000021354c7a800 3668   !   3       java.net.AbstractPlainSocketImpl::acquireFD (29 bytes)
Event: 1744.289 Thread 0x0000021354c7a800 nmethod 3668 0x000002133e195590 code [0x000002133e195760, 0x000002133e195ab8]
Event: 1744.289 Thread 0x0000021354c7a800 3669   !   3       java.net.AbstractPlainSocketImpl::releaseFD (74 bytes)
Event: 1744.375 Thread 0x0000021354c7a800 nmethod 3669 0x000002133e1a0190 code [0x000002133e1a03c0, 0x000002133e1a0fa0]
Event: 1804.242 Thread 0x0000021354c7a800 3670       3       java.io.ObjectOutputStream$BlockDataOutputStream::drain (45 bytes)
Event: 1804.277 Thread 0x0000021354c7a800 nmethod 3670 0x000002133e194f90 code [0x000002133e195160, 0x000002133e1954a0]
Event: 2101.200 Thread 0x0000021354c7a800 3671       3       java.net.InterfaceAddress::<init> (20 bytes)
Event: 2101.244 Thread 0x0000021354c7a800 nmethod 3671 0x000002133e19fc90 code [0x000002133e19fe60, 0x000002133e1a0098]

GC Heap History (10 events):
Event: 1.983 GC heap after
{Heap after GC invocations=6 (full 0):
 garbage-first heap   total 60416K, used 11482K [0x0000000081800000, 0x0000000100000000)
  region size 1024K, 5 young (5120K), 5 survivors (5120K)
 Metaspace       used 22732K, capacity 23376K, committed 23552K, reserved 1069056K
  class space    used 2796K, capacity 3005K, committed 3072K, reserved 1048576K
}
Event: 2.158 GC heap before
{Heap before GC invocations=6 (full 0):
 garbage-first heap   total 60416K, used 42202K [0x0000000081800000, 0x0000000100000000)
  region size 1024K, 35 young (35840K), 5 survivors (5120K)
 Metaspace       used 24541K, capacity 25238K, committed 25344K, reserved 1071104K
  class space    used 3053K, capacity 3312K, committed 3328K, reserved 1048576K
}
Event: 2.162 GC heap after
{Heap after GC invocations=7 (full 0):
 garbage-first heap   total 60416K, used 11763K [0x0000000081800000, 0x0000000100000000)
  region size 1024K, 3 young (3072K), 3 survivors (3072K)
 Metaspace       used 24541K, capacity 25238K, committed 25344K, reserved 1071104K
  class space    used 3053K, capacity 3312K, committed 3328K, reserved 1048576K
}
Event: 2.455 GC heap before
{Heap before GC invocations=7 (full 0):
 garbage-first heap   total 60416K, used 44531K [0x0000000081800000, 0x0000000100000000)
  region size 1024K, 35 young (35840K), 3 survivors (3072K)
 Metaspace       used 27175K, capacity 27917K, committed 28160K, reserved 1073152K
  class space    used 3322K, capacity 3583K, committed 3584K, reserved 1048576K
}
Event: 2.460 GC heap after
{Heap after GC invocations=8 (full 0):
 garbage-first heap   total 60416K, used 13460K [0x0000000081800000, 0x0000000100000000)
  region size 1024K, 5 young (5120K), 5 survivors (5120K)
 Metaspace       used 27175K, capacity 27917K, committed 28160K, reserved 1073152K
  class space    used 3322K, capacity 3583K, committed 3584K, reserved 1048576K
}
Event: 2.827 GC heap before
{Heap before GC invocations=8 (full 0):
 garbage-first heap   total 60416K, used 44180K [0x0000000081800000, 0x0000000100000000)
  region size 1024K, 35 young (35840K), 5 survivors (5120K)
 Metaspace       used 29435K, capacity 30165K, committed 30464K, reserved 1075200K
  class space    used 3704K, capacity 3986K, committed 4096K, reserved 1048576K
}
Event: 2.831 GC heap after
{Heap after GC invocations=9 (full 0):
 garbage-first heap   total 60416K, used 13568K [0x0000000081800000, 0x0000000100000000)
  region size 1024K, 3 young (3072K), 3 survivors (3072K)
 Metaspace       used 29435K, capacity 30165K, committed 30464K, reserved 1075200K
  class space    used 3704K, capacity 3986K, committed 4096K, reserved 1048576K
}
Event: 3.211 GC heap before
{Heap before GC invocations=9 (full 0):
 garbage-first heap   total 60416K, used 45312K [0x0000000081800000, 0x0000000100000000)
  region size 1024K, 35 young (35840K), 3 survivors (3072K)
 Metaspace       used 31773K, capacity 32622K, committed 32896K, reserved 1077248K
  class space    used 4125K, capacity 4414K, committed 4480K, reserved 1048576K
}
Event: 3.215 GC heap after
{Heap after GC invocations=10 (full 0):
 garbage-first heap   total 72704K, used 14038K [0x0000000081800000, 0x0000000100000000)
  region size 1024K, 3 young (3072K), 3 survivors (3072K)
 Metaspace       used 31773K, capacity 32622K, committed 32896K, reserved 1077248K
  class space    used 4125K, capacity 4414K, committed 4480K, reserved 1048576K
}
Event: 2101.291 GC heap before
{Heap before GC invocations=10 (full 0):
 garbage-first heap   total 72704K, used 51926K [0x0000000081800000, 0x0000000100000000)
  region size 1024K, 40 young (40960K), 3 survivors (3072K)
 Metaspace       used 34293K, capacity 35162K, committed 35328K, reserved 1079296K
  class space    used 4449K, capacity 4784K, committed 4864K, reserved 1048576K
}

Deoptimization events (10 events):
Event: 2.006 Thread 0x0000021334028000 Uncommon trap: reason=unstable_if action=reinterpret pc=0x00000213457f8bbc method=org.eclipse.jdt.launching.internal.org.objectweb.asm.MethodWriter.computeMethodInfoSize()I @ 166 c2
Event: 2.142 Thread 0x0000021334028000 Uncommon trap: reason=unstable_if action=reinterpret pc=0x000002134581fe14 method=org.eclipse.jdt.launching.internal.org.objectweb.asm.FieldWriter.putFieldInfo(Lorg/eclipse/jdt/launching/internal/org/objectweb/asm/ByteVector;)V @ 9 c2
Event: 2.142 Thread 0x0000021334028000 Uncommon trap: reason=unstable_if action=reinterpret pc=0x000002134580ff5c method=org.eclipse.jdt.launching.internal.org.objectweb.asm.MethodWriter.putMethodInfo(Lorg/eclipse/jdt/launching/internal/org/objectweb/asm/ByteVector;)V @ 324 c2
Event: 3.543 Thread 0x0000021334028000 Uncommon trap: reason=class_check action=maybe_recompile pc=0x00000213458888cc method=java.util.concurrent.ConcurrentHashMap.putVal(Ljava/lang/Object;Ljava/lang/Object;Z)Ljava/lang/Object; @ 242 c2
Event: 3.543 Thread 0x0000021334028000 Uncommon trap: reason=unstable_if action=reinterpret pc=0x00000213457a78a4 method=java.util.concurrent.ConcurrentHashMap.get(Ljava/lang/Object;)Ljava/lang/Object; @ 152 c2
Event: 11.071 Thread 0x000002135814a800 Uncommon trap: reason=predicate action=maybe_recompile pc=0x0000021345927d68 method=java.util.AbstractCollection.toArray([Ljava/lang/Object;)[Ljava/lang/Object; @ 43 c2
Event: 11.081 Thread 0x000002135814a800 Uncommon trap: reason=array_check action=maybe_recompile pc=0x000002134592fe84 method=java.util.AbstractCollection.toArray([Ljava/lang/Object;)[Ljava/lang/Object; @ 116 c2
Event: 11.081 Thread 0x000002135814a800 Uncommon trap: reason=array_check action=maybe_recompile pc=0x000002134592fe84 method=java.util.AbstractCollection.toArray([Ljava/lang/Object;)[Ljava/lang/Object; @ 116 c2
Event: 11.081 Thread 0x000002135814a800 Uncommon trap: reason=array_check action=maybe_recompile pc=0x000002134592fe84 method=java.util.AbstractCollection.toArray([Ljava/lang/Object;)[Ljava/lang/Object; @ 116 c2
Event: 11.081 Thread 0x000002135814a800 Uncommon trap: reason=array_check action=maybe_recompile pc=0x000002134592fe84 method=java.util.AbstractCollection.toArray([Ljava/lang/Object;)[Ljava/lang/Object; @ 116 c2

Classes redefined (6 events):
Event: 42.613 Thread 0x0000021354c52800 redefined class name=com.masv.test.NodeTests, count=1
Event: 162.858 Thread 0x0000021354c52800 redefined class name=com.masv.test.NodeTests, count=2
Event: 204.155 Thread 0x0000021354c52800 redefined class name=com.masv.test.NodeTests, count=3
Event: 380.287 Thread 0x0000021354c52800 redefined class name=com.masv.test.NodeTests, count=4
Event: 577.084 Thread 0x0000021354c52800 redefined class name=com.masv.test.NodeTests, count=5
Event: 1823.887 Thread 0x0000021354c52800 redefined class name=com.masv.test.NodeTests, count=6

Internal exceptions (10 events):
Event: 16.120 Thread 0x000002135814a800 Exception <a 'java/lang/ClassNotFoundException'{0x0000000083cf81f0}: org/springframework/context/support/LiveBeansView> (0x0000000083cf81f0) thrown at [t:/workspace/open/src/hotspot/share/classfile/systemDictionary.cpp, line 235]
Event: 16.120 Thread 0x000002135814a800 Exception <a 'java/lang/ClassNotFoundException'{0x0000000083cf85c0}: org/springframework/boot/actuate/endpoint/jmx/EndpointMBean> (0x0000000083cf85c0) thrown at [t:/workspace/open/src/hotspot/share/classfile/systemDictionary.cpp, line 235]
Event: 16.120 Thread 0x000002135814a800 Exception <a 'java/lang/ClassNotFoundException'{0x0000000083cf8990}: org/springframework/boot/actuate/endpoint/jmx/DataEndpointMBean> (0x0000000083cf8990) thrown at [t:/workspace/open/src/hotspot/share/classfile/systemDictionary.cpp, line 235]
Event: 16.120 Thread 0x000002135814a800 Exception <a 'java/lang/ClassNotFoundException'{0x0000000083cf8d58}: org/springframework/context/support/LiveBeansView> (0x0000000083cf8d58) thrown at [t:/workspace/open/src/hotspot/share/classfile/systemDictionary.cpp, line 235]
Event: 16.120 Thread 0x000002135814a800 Exception <a 'java/lang/ClassNotFoundException'{0x0000000083cf9110}: org/springframework/boot/actuate/endpoint/jmx/EndpointMBean> (0x0000000083cf9110) thrown at [t:/workspace/open/src/hotspot/share/classfile/systemDictionary.cpp, line 235]
Event: 16.120 Thread 0x000002135814a800 Exception <a 'java/lang/ClassNotFoundException'{0x0000000083cf94c8}: org/springframework/boot/actuate/endpoint/jmx/DataEndpointMBean> (0x0000000083cf94c8) thrown at [t:/workspace/open/src/hotspot/share/classfile/systemDictionary.cpp, line 235]
Event: 16.120 Thread 0x000002135814a800 Exception <a 'java/lang/ClassNotFoundException'{0x0000000083cf9878}: org/springframework/context/support/LiveBeansView> (0x0000000083cf9878) thrown at [t:/workspace/open/src/hotspot/share/classfile/systemDictionary.cpp, line 235]
Event: 16.120 Thread 0x000002135814a800 Exception <a 'java/lang/ClassNotFoundException'{0x0000000083cf9c30}: org/springframework/boot/actuate/endpoint/jmx/EndpointMBean> (0x0000000083cf9c30) thrown at [t:/workspace/open/src/hotspot/share/classfile/systemDictionary.cpp, line 235]
Event: 16.120 Thread 0x000002135814a800 Exception <a 'java/lang/ClassNotFoundException'{0x0000000083cf9fe8}: org/springframework/boot/actuate/endpoint/jmx/DataEndpointMBean> (0x0000000083cf9fe8) thrown at [t:/workspace/open/src/hotspot/share/classfile/systemDictionary.cpp, line 235]
Event: 16.120 Thread 0x000002135814a800 Exception <a 'java/lang/ClassNotFoundException'{0x0000000083cfa398}: org/springframework/context/support/LiveBeansView> (0x0000000083cfa398) thrown at [t:/workspace/open/src/hotspot/share/classfile/systemDictionary.cpp, line 235]

Events (10 events):
Event: 1953.220 Executing VM operation: GetOwnedMonitorInfo done
Event: 1953.220 Executing VM operation: GetCurrentContendedMonitor
Event: 1953.220 Executing VM operation: GetCurrentContendedMonitor done
Event: 1984.743 Executing VM operation: RevokeBias
Event: 1984.744 Executing VM operation: RevokeBias done
Event: 2044.868 Executing VM operation: RevokeBias
Event: 2044.868 Executing VM operation: RevokeBias done
Event: 2101.201 Executing VM operation: RevokeBias
Event: 2101.236 Executing VM operation: RevokeBias done
Event: 2101.266 Executing VM operation: G1CollectForAllocation


Dynamic libraries:
0x00007ff626260000 - 0x00007ff62626f000 	C:\Program Files\Java\jdk-12.0.1\bin\javaw.exe
0x00007ffa50f80000 - 0x00007ffa51170000 	C:\Windows\SYSTEM32\ntdll.dll
0x00007ffa50c10000 - 0x00007ffa50cc2000 	C:\Windows\System32\KERNEL32.DLL
0x00007ffa4e230000 - 0x00007ffa4e4d3000 	C:\Windows\System32\KERNELBASE.dll
0x00007ffa4e580000 - 0x00007ffa4e67a000 	C:\Windows\System32\ucrtbase.dll
0x00007ffa31a20000 - 0x00007ffa31a36000 	C:\Program Files\Java\jdk-12.0.1\bin\VCRUNTIME140.dll
0x00007ffa31a00000 - 0x00007ffa31a18000 	C:\Program Files\Java\jdk-12.0.1\bin\jli.dll
0x00007ffa50230000 - 0x00007ffa502d3000 	C:\Windows\System32\ADVAPI32.dll
0x00007ffa4f1c0000 - 0x00007ffa4f25e000 	C:\Windows\System32\msvcrt.dll
0x00007ffa50000000 - 0x00007ffa50097000 	C:\Windows\System32\sechost.dll
0x00007ffa4fee0000 - 0x00007ffa50000000 	C:\Windows\System32\RPCRT4.dll
0x00007ffa50da0000 - 0x00007ffa50f33000 	C:\Windows\System32\USER32.dll
0x00007ffa4e680000 - 0x00007ffa4e6a1000 	C:\Windows\System32\win32u.dll
0x00007ffa440c0000 - 0x00007ffa44345000 	C:\Windows\WinSxS\amd64_microsoft.windows.common-controls_6595b64144ccf1df_6.0.18362.356_none_e6c4af7d130f27cc\COMCTL32.dll
0x00007ffa500a0000 - 0x00007ffa500c6000 	C:\Windows\System32\GDI32.dll
0x00007ffa4df90000 - 0x00007ffa4e124000 	C:\Windows\System32\gdi32full.dll
0x00007ffa4f890000 - 0x00007ffa4fbc6000 	C:\Windows\System32\combase.dll
0x00007ffa4e4e0000 - 0x00007ffa4e57e000 	C:\Windows\System32\msvcp_win.dll
0x00007ffa4df10000 - 0x00007ffa4df90000 	C:\Windows\System32\bcryptPrimitives.dll
0x00007ffa44b10000 - 0x00007ffa44b1a000 	C:\Windows\SYSTEM32\VERSION.dll
0x00007ffa500d0000 - 0x00007ffa500fe000 	C:\Windows\System32\IMM32.DLL
0x00007ffa31950000 - 0x00007ffa319fa000 	C:\Program Files\Java\jdk-12.0.1\bin\msvcp140.dll
0x00007ffa3eba0000 - 0x00007ffa3f714000 	C:\Program Files\Java\jdk-12.0.1\bin\server\jvm.dll
0x00007ffa50220000 - 0x00007ffa50228000 	C:\Windows\System32\PSAPI.DLL
0x00007ffa3eb90000 - 0x00007ffa3eb99000 	C:\Windows\SYSTEM32\WSOCK32.dll
0x00007ffa4a7a0000 - 0x00007ffa4a7c4000 	C:\Windows\SYSTEM32\WINMM.dll
0x00007ffa504b0000 - 0x00007ffa5051f000 	C:\Windows\System32\WS2_32.dll
0x00007ffa4a770000 - 0x00007ffa4a79d000 	C:\Windows\SYSTEM32\winmmbase.dll
0x00007ffa4efe0000 - 0x00007ffa4f02a000 	C:\Windows\System32\cfgmgr32.dll
0x00007ffa4de60000 - 0x00007ffa4de71000 	C:\Windows\System32\kernel.appcore.dll
0x00007ffa3e870000 - 0x00007ffa3e881000 	C:\Program Files\Java\jdk-12.0.1\bin\verify.dll
0x00007ffa433e0000 - 0x00007ffa435d4000 	C:\Windows\SYSTEM32\DBGHELP.DLL
0x00007ffa433b0000 - 0x00007ffa433da000 	C:\Windows\SYSTEM32\dbgcore.DLL
0x00007ffa3e840000 - 0x00007ffa3e866000 	C:\Program Files\Java\jdk-12.0.1\bin\java.dll
0x00007ffa28bc0000 - 0x00007ffa28bf8000 	C:\Program Files\Java\jdk-12.0.1\bin\jdwp.dll
0x00007ffa3db80000 - 0x00007ffa3db8e000 	C:\Program Files\Java\jdk-12.0.1\bin\instrument.dll
0x00007ffa3e820000 - 0x00007ffa3e837000 	C:\Program Files\Java\jdk-12.0.1\bin\zip.dll
0x00007ffa3e650000 - 0x00007ffa3e65a000 	C:\Program Files\Java\jdk-12.0.1\bin\jimage.dll
0x00007ffa50520000 - 0x00007ffa50c05000 	C:\Windows\System32\SHELL32.dll
0x00007ffa4fbd0000 - 0x00007ffa4fc79000 	C:\Windows\System32\shcore.dll
0x00007ffa4e710000 - 0x00007ffa4ee8e000 	C:\Windows\System32\windows.storage.dll
0x00007ffa4ded0000 - 0x00007ffa4deef000 	C:\Windows\System32\profapi.dll
0x00007ffa4de80000 - 0x00007ffa4deca000 	C:\Windows\System32\powrprof.dll
0x00007ffa4de50000 - 0x00007ffa4de60000 	C:\Windows\System32\UMPDC.dll
0x00007ffa4f090000 - 0x00007ffa4f0e2000 	C:\Windows\System32\shlwapi.dll
0x00007ffa4e210000 - 0x00007ffa4e227000 	C:\Windows\System32\cryptsp.dll
0x00007ffa3db70000 - 0x00007ffa3db7a000 	C:\Program Files\Java\jdk-12.0.1\bin\dt_socket.dll
0x00007ffa4d610000 - 0x00007ffa4d677000 	C:\Windows\System32\mswsock.dll
0x00007ffa4d370000 - 0x00007ffa4d43a000 	C:\Windows\SYSTEM32\DNSAPI.dll
0x00007ffa50160000 - 0x00007ffa50168000 	C:\Windows\System32\NSI.dll
0x00007ffa4d330000 - 0x00007ffa4d36a000 	C:\Windows\SYSTEM32\IPHLPAPI.DLL
0x00007ffa45ae0000 - 0x00007ffa45b57000 	C:\Windows\System32\fwpuclnt.dll
0x00007ffa4e130000 - 0x00007ffa4e156000 	C:\Windows\System32\bcrypt.dll
0x00007ffa44350000 - 0x00007ffa4435a000 	C:\Windows\System32\rasadhlp.dll
0x00007ffa3cac0000 - 0x00007ffa3cad9000 	C:\Program Files\Java\jdk-12.0.1\bin\net.dll
0x00007ffa44660000 - 0x00007ffa44750000 	C:\Windows\SYSTEM32\WINHTTP.dll
0x00007ffa3fee0000 - 0x00007ffa400b6000 	C:\Windows\SYSTEM32\urlmon.dll
0x00007ffa40840000 - 0x00007ffa40ae6000 	C:\Windows\SYSTEM32\iertutil.dll
0x00007ffa4d790000 - 0x00007ffa4d79c000 	C:\Windows\SYSTEM32\CRYPTBASE.DLL
0x00007ffa3ca70000 - 0x00007ffa3ca83000 	C:\Program Files\Java\jdk-12.0.1\bin\nio.dll
0x00007ffa3b500000 - 0x00007ffa3b509000 	C:\Program Files\Java\jdk-12.0.1\bin\management.dll
0x00007ffa3b4f0000 - 0x00007ffa3b4fc000 	C:\Program Files\Java\jdk-12.0.1\bin\management_ext.dll
0x00007ffa4d190000 - 0x00007ffa4d1c3000 	C:\Windows\system32\rsaenh.dll
0x00007ffa4dd70000 - 0x00007ffa4dd95000 	C:\Windows\SYSTEM32\USERENV.dll
0x00007ffa45eb0000 - 0x00007ffa45ec6000 	C:\Windows\SYSTEM32\dhcpcsvc6.DLL
0x00007ffa45e90000 - 0x00007ffa45eac000 	C:\Windows\SYSTEM32\dhcpcsvc.DLL
0x00007ffa3e270000 - 0x00007ffa3e286000 	C:\Windows\system32\napinsp.dll
0x00007ffa3df20000 - 0x00007ffa3df3a000 	C:\Windows\system32\pnrpnsp.dll
0x00007ffa3deb0000 - 0x00007ffa3debe000 	C:\Windows\System32\winrnr.dll
0x00007ffa46420000 - 0x00007ffa4643c000 	C:\Windows\system32\NLAapi.dll
0x00007ffa3de60000 - 0x00007ffa3de75000 	C:\Windows\system32\wshbth.dll

dbghelp: loaded successfully - version: 4.0.5 - missing functions: none
symbol engine: initialized successfully - sym options: 0x614 - pdb path: .;C:\Program Files\Java\jdk-12.0.1\bin;C:\Windows\SYSTEM32;C:\Windows\WinSxS\amd64_microsoft.windows.common-controls_6595b64144ccf1df_6.0.18362.356_none_e6c4af7d130f27cc;C:\Program Files\Java\jdk-12.0.1\bin\server

VM Arguments:
jvm_args: -agentlib:jdwp=transport=dt_socket,suspend=y,address=localhost:62914 -ea -javaagent:E:\Programas\sts-4.3.2.RELEASE\configuration\org.eclipse.osgi\244\0\.cp\lib\javaagent-shaded.jar -Dfile.encoding=UTF-8 
java_command: org.eclipse.jdt.internal.junit.runner.RemoteTestRunner -version 3 -port 62913 -testLoaderClass org.eclipse.jdt.internal.junit4.runner.JUnit4TestLoader -loaderpluginname org.eclipse.jdt.junit4.runtime -classNames com.masv.test.NodeTests
java_class_path (initial): C:\Users\abald\Documents\assets\asset-masv\target\test-classes;C:\Users\abald\Documents\assets\asset-masv\target\classes;C:\Users\abald\.m2\repository\org\springframework\boot\spring-boot-starter-data-jpa\2.1.8.RELEASE\spring-boot-starter-data-jpa-2.1.8.RELEASE.jar;C:\Users\abald\.m2\repository\org\springframework\boot\spring-boot-starter-aop\2.1.8.RELEASE\spring-boot-starter-aop-2.1.8.RELEASE.jar;C:\Users\abald\.m2\repository\org\springframework\spring-aop\5.1.9.RELEASE\spring-aop-5.1.9.RELEASE.jar;C:\Users\abald\.m2\repository\org\aspectj\aspectjweaver\1.9.4\aspectjweaver-1.9.4.jar;C:\Users\abald\.m2\repository\org\springframework\boot\spring-boot-starter-jdbc\2.1.8.RELEASE\spring-boot-starter-jdbc-2.1.8.RELEASE.jar;C:\Users\abald\.m2\repository\com\zaxxer\HikariCP\3.2.0\HikariCP-3.2.0.jar;C:\Users\abald\.m2\repository\org\springframework\spring-jdbc\5.1.9.RELEASE\spring-jdbc-5.1.9.RELEASE.jar;C:\Users\abald\.m2\repository\javax\transaction\javax.transaction-api\1.3\javax.transaction-api-1.3.jar;C:\Users\abald\.m2\repository\javax\xml\bind\jaxb-api\2.3.1\jaxb-api-2.3.1.jar;C:\Users\abald\.m2\repository\javax\activation\javax.activation-api\1.2.0\javax.activation-api-1.2.0.jar;C:\Users\abald\.m2\repository\org\hibernate\hibernate-core\5.3.11.Final\hibernate-core-5.3.11.Final.jar;C:\Users\abald\.m2\repository\org\jboss\logging\jboss-logging\3.3.3.Final\jboss-logging-3.3.3.Final.jar;C:\Users\abald\.m2\repository\javax\persistence\javax.persistence-api\2.2\javax.persistence-api-2.2.jar;C:\Users\abald\.m2\repository\org\javassist\javassist\3.23.2-GA\javassist-3.23.2-GA.jar;C:\Users\abald\.m2\repository\net\bytebuddy\byte-buddy\1.9.16\byte-buddy-1.9.16.jar;C:\Users\abald\.m2\repository\antlr\antlr\2.7.7\antlr-2.7.7.jar;C:\Users\abald\.m2\repository\org\jboss\jandex\2.0.5.Final\jandex-2.0.5.Final.jar;C:\Users\abald\.m2\repository\com\fasterxml\classmate\1.4.0\classmate-1.4.0.jar;C:\Users\abald\.m2\repository\org\dom4j\dom4j\2.1.1\dom4j-2.1.1.
Launcher Type: SUN_STANDARD

[Global flags]
     intx CICompilerCount                          = 4                                         {product} {ergonomic}
     uint ConcGCThreads                            = 2                                         {product} {ergonomic}
     uint G1ConcRefinementThreads                  = 8                                         {product} {ergonomic}
   size_t G1HeapRegionSize                         = 1048576                                   {product} {ergonomic}
    uintx GCDrainStackTargetSize                   = 64                                        {product} {ergonomic}
   size_t InitialHeapSize                          = 134217728                                 {product} {ergonomic}
   size_t MarkStackSize                            = 4194304                                   {product} {ergonomic}
   size_t MaxHeapSize                              = 2122317824                                {product} {ergonomic}
   size_t MaxNewSize                               = 1272971264                                {product} {ergonomic}
   size_t MinHeapDeltaBytes                        = 1048576                                   {product} {ergonomic}
    uintx NonNMethodCodeHeapSize                   = 5836300                                {pd product} {ergonomic}
    uintx NonProfiledCodeHeapSize                  = 122910970                              {pd product} {ergonomic}
    uintx ProfiledCodeHeapSize                     = 122910970                              {pd product} {ergonomic}
    uintx ReservedCodeCacheSize                    = 251658240                              {pd product} {ergonomic}
     bool SegmentedCodeCache                       = true                                      {product} {ergonomic}
     bool UseCompressedClassPointers               = true                                 {lp64_product} {ergonomic}
     bool UseCompressedOops                        = true                                 {lp64_product} {ergonomic}
     bool UseG1GC                                  = true                                      {product} {ergonomic}
     bool UseLargePagesIndividualAllocation        = false                                  {pd product} {ergonomic}

Logging:
Log output configuration:
 #0: stdout all=warning uptime,level,tags
 #1: stderr all=off uptime,level,tags

Environment Variables:
PATH=C:/Program Files/Java/jdk-12.0.1/bin/server;C:/Program Files/Java/jdk-12.0.1/bin;C:\ProgramData\DockerDesktop\version-bin;C:\Program Files\Docker\Docker\Resources\bin;C:\Windows\system32;C:\Windows;C:\Windows\System32\Wbem;C:\Windows\System32\WindowsPowerShell\v1.0\;C:\Windows\System32\OpenSSH\;C:\Program Files\Microsoft SQL Server\Client SDK\ODBC\110\Tools\Binn\;C:\Program Files (x86)\Microsoft SQL Server\120\Tools\Binn\;C:\Program Files\Microsoft SQL Server\120\Tools\Binn\;C:\Program Files\Microsoft SQL Server\120\DTS\Binn\;C:\Program Files (x86)\Microsoft SQL Server\120\Tools\Binn\ManagementStudio\;C:\Program Files (x86)\Microsoft SQL Server\120\DTS\Binn\;C:\Windows\system32\config\systemprofile\.dnx\bin;C:\Program Files\Microsoft DNX\Dnvm\;C:\Program Files\Microsoft SQL Server\130\Tools\Binn\;C:\Program Files\Git\cmd;C:\Program Files\nodejs\;C:\Program Files\Java\jdk-12.0.1\bin;E:\Programas\apache-maven-3.6.2\bin;C:\Users\abald\AppData\Local\Microsoft\WindowsApps;C:\Users\abald\AppData\Local\Programs\Microsoft VS Code\bin;E:\Programas\cmder\bin;C:\Users\abald\AppData\Roaming\npm;E:\Programas\sts-4.3.2.RELEASE;
USERNAME=abald
OS=Windows_NT
PROCESSOR_IDENTIFIER=Intel64 Family 6 Model 60 Stepping 3, GenuineIntel



---------------  S Y S T E M  ---------------

OS: Windows 10 , 64 bit Build 18362 (10.0.18362.329)

CPU:total 8 (initial active 8) (4 cores per cpu, 2 threads per core) family 6 model 60 stepping 3, cmov, cx8, fxsr, mmx, sse, sse2, sse3, ssse3, sse4.1, sse4.2, popcnt, avx, avx2, aes, clmul, erms, lzcnt, ht, tsc, tscinvbit, bmi1, bmi2, fma

Memory: 4k page, system-wide physical 8092M (877M free)
TotalPageFile size 20821M (AvailPageFile size 3586M)
current process WorkingSet (physical memory assigned to process): 77M, peak: 319M
current process commit charge ("private bytes"): 227M, peak: 365M

vm_info: Java HotSpot(TM) 64-Bit Server VM (12.0.1+12) for windows-amd64 JRE (12.0.1+12), built on Apr  2 2019 14:02:19 by "mach5one" with MS VC++ 15.5 (VS2017)

END.
